<?xml version="1.0" encoding="UTF-8"?>
<!-- Generated by org.testng.reporters.JUnitXMLReporter -->
<testsuite ignored="0" hostname="Malaviyan" failures="0" tests="4" name="Default test" time="0.159" errors="0" timestamp="2025-09-14T12:24:45 IST">
  <testcase classname="com.automation.day1.TesterDemo" name="SIgnIn" time="0.024"/>
  <testcase classname="com.automation.day1.TesterDemo" name="SignIn" time="0.003"/>
  <testcase classname="com.automation.day1.Demo" name="prinHelloTest" time="0.001"/>
  <testcase classname="com.automation.day1.PreAssume" name="test3" time="0.004"/>
</testsuite> <!-- Default test -->
